<?xml version="1.0" encoding="UTF-8"?>
<!-- Generated by org.testng.reporters.JUnitXMLReporter -->
<testsuite ignored="0" hostname="Muras-MB-Pro.local" failures="1" tests="10" name="Test" time="182.849" errors="0" timestamp="2025-03-31T10:20:00 PDT">
  <testcase classname="com.Automation.Tests.LoginTest" name="invalidLoginTest" time="10.908"/>
  <testcase classname="com.Automation.Tests.LoginTest" name="invalidLoginTest" time="12.229"/>
  <testcase classname="com.Automation.Tests.LoginTest" name="invalidLoginTest" time="5.845"/>
  <testcase classname="com.Automation.Tests.LoginTest" name="invalidLoginTest" time="15.933"/>
  <testcase classname="com.Automation.Tests.LoginTest" name="invalidLoginTest" time="11.992"/>
  <testcase classname="com.Automation.Tests.LoginTest" name="invalidLoginTest" time="11.682"/>
  <testcase classname="com.Automation.Tests.LoginTest" name="invalidLoginTest" time="5.421"/>
  <testcase classname="com.Automation.Tests.LoginTest" name="invalidLoginTest" time="10.477"/>
  <testcase classname="com.Automation.Tests.LoginTest" name="invalidLoginTest" time="17.013"/>
  <testcase classname="com.Automation.Tests.LoginTest" name="validLoginTest" time="10.965">
    <failure type="java.lang.AssertionError" message="Valid login test passed! expected [true] but found [false]">
      <![CDATA[java.lang.AssertionError: Valid login test passed! expected [true] but found [false]
at com.Automation.Tests.LoginTest.validLoginTest(LoginTest.java:60)
at java.base/java.util.ArrayList.forEach(ArrayList.java:1596)
... Removed 28 stack frames]]>
    </failure>
  </testcase> <!-- validLoginTest -->
</testsuite> <!-- Test -->
