<?xml version="1.0" encoding="UTF-8"?>
<!-- Generated by org.testng.reporters.JUnitXMLReporter -->
<testsuite ignored="4" hostname="Muras-MB-Pro.local" failures="0" tests="1" name="Default test" time="64.464" errors="0" timestamp="2025-04-08T16:26:50 PDT">
  <testcase classname="com.Automation.Tests.MyProfileTest" name="aboutTabTest" time="57.058"/>
  <testcase classname="com.Automation.Tests.MyProfileTest" name="postLinkTest" time="0.0">
    <ignored/>
  </testcase> <!-- postLinkTest -->
  <testcase classname="com.Automation.Tests.MyProfileTest" name="profilePageTest" time="0.0">
    <ignored/>
  </testcase> <!-- profilePageTest -->
  <testcase classname="com.Automation.Tests.MyProfileTest" name="uploadFileTest" time="0.0">
    <ignored/>
  </testcase> <!-- uploadFileTest -->
  <testcase classname="com.Automation.Tests.MyProfileTest" name="editIframeTest" time="0.0">
    <ignored/>
  </testcase> <!-- editIframeTest -->
</testsuite> <!-- Default test -->
