<?xml version="1.0" encoding="UTF-8"?>
<!-- Generated by org.testng.reporters.JUnitXMLReporter -->
<testsuite ignored="4" hostname="Muras-MB-Pro.local" failures="0" tests="1" name="Firefox Test" time="35.554" errors="0" timestamp="2025-03-31T11:37:13 PDT">
  <testcase classname="com.Automation.Tests.MyProfileTest" name="uploadFileTest" time="23.135"/>
  <testcase classname="com.Automation.Tests.MyProfileTest" name="profilePageTest" time="0.0">
    <ignored/>
  </testcase> <!-- profilePageTest -->
  <testcase classname="com.Automation.Tests.MyProfileTest" name="editIframeTest" time="0.0">
    <ignored/>
  </testcase> <!-- editIframeTest -->
  <testcase classname="com.Automation.Tests.MyProfileTest" name="postLinkTest" time="0.0">
    <ignored/>
  </testcase> <!-- postLinkTest -->
  <testcase classname="com.Automation.Tests.MyProfileTest" name="aboutTabTest" time="0.0">
    <ignored/>
  </testcase> <!-- aboutTabTest -->
</testsuite> <!-- Firefox Test -->
