<?xml version="1.0" encoding="UTF-8"?>
<testng-results ignored="0" total="1" passed="1" failed="0" skipped="0">
  <reporter-output>
  </reporter-output>
  <suite started-at="2025-04-08T16:25:45 PDT" name="Default suite" finished-at="2025-04-08T16:26:50 PDT" duration-ms="64464">
    <groups>
    </groups>
    <test started-at="2025-04-08T16:25:45 PDT" name="Default test" finished-at="2025-04-08T16:26:50 PDT" duration-ms="64464">
      <class name="com.Automation.Tests.MyProfileTest">
        <test-method is-config="true" signature="setUpBeforeMethod(java.lang.String)[pri:0, instance:com.Automation.Tests.MyProfileTest@52d645b1]" started-at="2025-04-08T16:25:45 PDT" name="setUpBeforeMethod" finished-at="2025-04-08T16:25:50 PDT" duration-ms="4263" status="PASS">
          <params>
            <param index="0">
              <value>
                <![CDATA[chrome]]>
              </value>
            </param>
          </params>
          <reporter-output>
          </reporter-output>
        </test-method> <!-- setUpBeforeMethod -->
        <test-method signature="aboutTabTest()[pri:0, instance:com.Automation.Tests.MyProfileTest@52d645b1]" started-at="2025-04-08T16:25:50 PDT" name="aboutTabTest" finished-at="2025-04-08T16:26:47 PDT" duration-ms="57058" status="PASS">
          <reporter-output>
          </reporter-output>
        </test-method> <!-- aboutTabTest -->
        <test-method is-config="true" signature="tearDownAfterMethod()[pri:0, instance:com.Automation.Tests.MyProfileTest@52d645b1]" started-at="2025-04-08T16:26:47 PDT" name="tearDownAfterMethod" finished-at="2025-04-08T16:26:50 PDT" duration-ms="3127" status="PASS">
          <reporter-output>
          </reporter-output>
        </test-method> <!-- tearDownAfterMethod -->
      </class> <!-- com.Automation.Tests.MyProfileTest -->
    </test> <!-- Default test -->
  </suite> <!-- Default suite -->
</testng-results>
