<?xml version="1.0" encoding="UTF-8"?>
<!-- Generated by org.testng.reporters.JUnitReportReporter -->
<testsuite hostname="Muras-MB-Pro.local" failures="0" tests="9" name="com.Automation.Tests.LoginTest" time="143.462" errors="0" timestamp="2025-04-03T12:56:47 PDT" skipped="0">
  <testcase classname="com.Automation.Tests.LoginTest" name="invalidLoginTest" time="12.888"/>
  <testcase classname="com.Automation.Tests.LoginTest" name="invalidLoginTest" time="12.462"/>
  <testcase classname="com.Automation.Tests.LoginTest" name="invalidLoginTest" time="11.535"/>
  <testcase classname="com.Automation.Tests.LoginTest" name="invalidLoginTest" time="18.765"/>
  <testcase classname="com.Automation.Tests.LoginTest" name="invalidLoginTest" time="11.503"/>
  <testcase classname="com.Automation.Tests.LoginTest" name="invalidLoginTest" time="19.236"/>
  <testcase classname="com.Automation.Tests.LoginTest" name="invalidLoginTest" time="21.411"/>
  <testcase classname="com.Automation.Tests.LoginTest" name="invalidLoginTest" time="17.162"/>
  <testcase classname="com.Automation.Tests.LoginTest" name="invalidLoginTest" time="18.500"/>
</testsuite> <!-- com.Automation.Tests.LoginTest -->
